{"/Users/milnerfamily/Projects/autoComplete/backend/src/services/searchStudentData.ts": {"path":"/Users/milnerfamily/Projects/autoComplete/backend/src/services/searchStudentData.ts","statementMap":{"0":{"start":{"line":79,"column":8},"end":{"line":79,"column":51}},"1":{"start":{"line":84,"column":32},"end":{"line":90,"column":10}},"2":{"start":{"line":85,"column":12},"end":{"line":88,"column":null}},"3":{"start":{"line":87,"column":16},"end":{"line":87,"column":31}},"4":{"start":{"line":89,"column":12},"end":{"line":89,"column":19}},"5":{"start":{"line":92,"column":8},"end":{"line":92,"column":31}},"6":{"start":{"line":14,"column":11},"end":{"line":75,"column":null}},"7":{"start":{"line":11,"column":13},"end":{"line":11,"column":30}}},"fnMap":{"0":{"name":"(anonymous_0)","decl":{"start":{"line":78,"column":4},"end":{"line":78,"column":null}},"loc":{"start":{"line":78,"column":4},"end":{"line":80,"column":5}}},"1":{"name":"(anonymous_1)","decl":{"start":{"line":82,"column":4},"end":{"line":82,"column":24}},"loc":{"start":{"line":82,"column":38},"end":{"line":94,"column":5}}},"2":{"name":"(anonymous_2)","decl":{"start":{"line":84,"column":53},"end":{"line":84,"column":60}},"loc":{"start":{"line":84,"column":63},"end":{"line":90,"column":9}}}},"branchMap":{"0":{"loc":{"start":{"line":85,"column":12},"end":{"line":88,"column":null}},"type":"if","locations":[{"start":{"line":85,"column":12},"end":{"line":88,"column":null}}]},"1":{"loc":{"start":{"line":85,"column":16},"end":{"line":85,"column":95}},"type":"binary-expr","locations":[{"start":{"line":85,"column":16},"end":{"line":85,"column":53}},{"start":{"line":85,"column":57},"end":{"line":85,"column":95}}]}},"s":{"0":2,"1":2,"2":20,"3":7,"4":13,"5":2,"6":1,"7":1},"f":{"0":2,"1":2,"2":20},"b":{"0":[7],"1":[20,17]}}
}
